#
# There is insufficient memory for the Java Runtime Environment to continue.
# Native memory allocation (malloc) failed to allocate 721216 bytes for Chunk::new
# Possible reasons:
#   The system is out of physical RAM or swap space
#   In 32 bit mode, the process size limit was hit
# Possible solutions:
#   Reduce memory load on the system
#   Increase physical memory or swap space
#   Check if swap backing store is full
#   Use 64 bit Java on a 64 bit OS
#   Decrease Java heap size (-Xmx/-Xms)
#   Decrease number of Java threads
#   Decrease Java thread stack sizes (-Xss)
#   Set larger code cache with -XX:ReservedCodeCacheSize=
# This output file may be truncated or incomplete.
#
#  Out of Memory Error (allocation.cpp:390), pid=3632, tid=5688
#
# JRE version: Java(TM) SE Runtime Environment (8.0_45-b15) (build 1.8.0_45-b15)
# Java VM: Java HotSpot(TM) 64-Bit Server VM (25.45-b02 mixed mode windows-amd64 compressed oops)
# Failed to write core dump. Minidumps are not enabled by default on client versions of Windows
#

---------------  T H R E A D  ---------------

Current thread (0x0000000014518800):  JavaThread "C2 CompilerThread0" daemon [_thread_in_native, id=5688, stack(0x0000000015a20000,0x0000000015b20000)]

Stack: [0x0000000015a20000,0x0000000015b20000]
Native frames: (J=compiled Java code, j=interpreted, Vv=VM code, C=native code)
V  [jvm.dll+0x32b57a]


Current CompileTask:
C2:   6856 2007       4       com.android.dx.ssa.SsaConverter::edgeSplitSuccessors (98 bytes)


---------------  P R O C E S S  ---------------

Java Threads: ( => current thread )
  0x0000000015d78800 JavaThread "pool-2-thread-4" [_thread_in_vm, id=7600, stack(0x0000000016720000,0x0000000016820000)]
  0x0000000015d77800 JavaThread "pool-2-thread-3" [_thread_in_Java, id=2800, stack(0x0000000016620000,0x0000000016720000)]
  0x0000000015d77000 JavaThread "pool-2-thread-2" [_thread_in_Java, id=7436, stack(0x0000000016520000,0x0000000016620000)]
  0x0000000015d75000 JavaThread "pool-3-thread-1" [_thread_blocked, id=6976, stack(0x0000000016420000,0x0000000016520000)]
  0x0000000015d72800 JavaThread "pool-2-thread-1" [_thread_in_Java, id=7992, stack(0x0000000016320000,0x0000000016420000)]
  0x0000000015b6f800 JavaThread "Service Thread" daemon [_thread_blocked, id=4340, stack(0x0000000016120000,0x0000000016220000)]
  0x0000000015b69800 JavaThread "C1 CompilerThread2" daemon [_thread_blocked, id=5300, stack(0x0000000016020000,0x0000000016120000)]
  0x0000000015b63800 JavaThread "C2 CompilerThread1" daemon [_thread_in_native, id=6588, stack(0x0000000015f20000,0x0000000016020000)]
=>0x0000000014518800 JavaThread "C2 CompilerThread0" daemon [_thread_in_native, id=5688, stack(0x0000000015a20000,0x0000000015b20000)]
  0x0000000014516000 JavaThread "Attach Listener" daemon [_thread_blocked, id=5284, stack(0x0000000015920000,0x0000000015a20000)]
  0x0000000014515800 JavaThread "Signal Dispatcher" daemon [_thread_blocked, id=784, stack(0x0000000015820000,0x0000000015920000)]
  0x0000000001d66800 JavaThread "Finalizer" daemon [_thread_blocked, id=4120, stack(0x0000000015720000,0x0000000015820000)]
  0x0000000001d5d800 JavaThread "Reference Handler" daemon [_thread_blocked, id=4452, stack(0x0000000015620000,0x0000000015720000)]
  0x0000000001c72800 JavaThread "main" [_thread_in_Java, id=1248, stack(0x0000000000440000,0x0000000000540000)]

Other Threads:
  0x0000000014498800 VMThread [stack: 0x0000000015520000,0x0000000015620000] [id=5660]
  0x0000000015b8b000 WatcherThread [stack: 0x0000000016220000,0x0000000016320000] [id=6572]

VM state:not at safepoint (normal execution)

VM Mutex/Monitor currently owned by a thread:  ([mutex/lock_event])
[0x0000000001c71bd0] CompiledIC_lock - owner thread: 0x0000000000000000

Heap:
 PSYoungGen      total 73728K, used 36788K [0x00000000eab00000, 0x00000000f4500000, 0x0000000100000000)
  eden space 64512K, 42% used [0x00000000eab00000,0x00000000ec5f4d38,0x00000000eea00000)
  from space 9216K, 99% used [0x00000000eea00000,0x00000000ef2f8660,0x00000000ef300000)
  to   space 14336K, 0% used [0x00000000f3700000,0x00000000f3700000,0x00000000f4500000)
 ParOldGen       total 44032K, used 21617K [0x00000000c0000000, 0x00000000c2b00000, 0x00000000eab00000)
  object space 44032K, 49% used [0x00000000c0000000,0x00000000c151c5c0,0x00000000c2b00000)
 Metaspace       used 6398K, capacity 7192K, committed 7424K, reserved 1056768K
  class space    used 616K, capacity 656K, committed 768K, reserved 1048576K

Card table byte_map: [0x00000000111c0000,0x00000000113d0000] byte_map_base: 0x0000000010bc0000

Marking Bits: (ParMarkBitMap*) 0x0000000072084040
 Begin Bits: [0x0000000011930000, 0x0000000012930000)
 End Bits:   [0x0000000012930000, 0x0000000013930000)

Polling page: 0x0000000000310000

CodeCache: size=245760Kb used=8259Kb max_used=8259Kb free=237500Kb
 bounds [0x0000000001e00000, 0x0000000002620000, 0x0000000010e00000]
 total_blobs=2188 nmethods=1918 adapters=182
 compilation: enabled

Compilation events (10 events):
Event: 6.794 Thread 0x0000000014518800 nmethod 2002 0x00000000025f2ed0 code [0x00000000025f3060, 0x00000000025f35d8]
Event: 6.796 Thread 0x0000000015b69800 2003       3       java.util.HashMap::putVal (300 bytes)
Event: 6.797 Thread 0x0000000015b69800 nmethod 2003 0x00000000025f3d50 code [0x00000000025f3fc0, 0x00000000025f5278]
Event: 6.802 Thread 0x0000000015b69800 2004       3       com.android.dx.ssa.SCCP::simulateStmt (481 bytes)
Event: 6.804 Thread 0x0000000015b69800 nmethod 2004 0x00000000025d8e90 code [0x00000000025d91c0, 0x00000000025db138]
Event: 6.805 Thread 0x0000000015b69800 2005   !   3       com.android.dx.rop.code.RegisterSpec::intern (70 bytes)
Event: 6.805 Thread 0x0000000014518800 2006       4       com.android.dx.ssa.SsaBasicBlock::scheduleMovesFromPhis (108 bytes)
Event: 6.806 Thread 0x0000000014518800 nmethod 2006 0x00000000025f2c10 code [0x00000000025f2d40, 0x00000000025f2df8]
Event: 6.806 Thread 0x0000000015b69800 nmethod 2005 0x0000000002601750 code [0x0000000002601980, 0x0000000002602648]
Event: 6.809 Thread 0x0000000014518800 2007       4       com.android.dx.ssa.SsaConverter::edgeSplitSuccessors (98 bytes)

GC Heap History (10 events):
Event: 2.276 GC heap before
{Heap before GC invocations=3 (full 0):
 PSYoungGen      total 18944K, used 18919K [0x00000000eab00000, 0x00000000ed000000, 0x0000000100000000)
  eden space 16384K, 100% used [0x00000000eab00000,0x00000000ebb00000,0x00000000ebb00000)
  from space 2560K, 99% used [0x00000000ebd80000,0x00000000ebff9c70,0x00000000ec000000)
  to   space 2560K, 0% used [0x00000000ebb00000,0x00000000ebb00000,0x00000000ebd80000)
 ParOldGen       total 44032K, used 2821K [0x00000000c0000000, 0x00000000c2b00000, 0x00000000eab00000)
  object space 44032K, 6% used [0x00000000c0000000,0x00000000c02c16f0,0x00000000c2b00000)
 Metaspace       used 6058K, capacity 6960K, committed 7040K, reserved 1056768K
  class space    used 596K, capacity 616K, committed 640K, reserved 1048576K
Event: 2.324 GC heap after
Heap after GC invocations=3 (full 0):
 PSYoungGen      total 18944K, used 2535K [0x00000000eab00000, 0x00000000ed000000, 0x0000000100000000)
  eden space 16384K, 0% used [0x00000000eab00000,0x00000000eab00000,0x00000000ebb00000)
  from space 2560K, 99% used [0x00000000ebb00000,0x00000000ebd79ea8,0x00000000ebd80000)
  to   space 2560K, 0% used [0x00000000ecd80000,0x00000000ecd80000,0x00000000ed000000)
 ParOldGen       total 44032K, used 5618K [0x00000000c0000000, 0x00000000c2b00000, 0x00000000eab00000)
  object space 44032K, 12% used [0x00000000c0000000,0x00000000c057cbe0,0x00000000c2b00000)
 Metaspace       used 6058K, capacity 6960K, committed 7040K, reserved 1056768K
  class space    used 596K, capacity 616K, committed 640K, reserved 1048576K
}
Event: 2.549 GC heap before
{Heap before GC invocations=4 (full 0):
 PSYoungGen      total 18944K, used 18919K [0x00000000eab00000, 0x00000000ed000000, 0x0000000100000000)
  eden space 16384K, 100% used [0x00000000eab00000,0x00000000ebb00000,0x00000000ebb00000)
  from space 2560K, 99% used [0x00000000ebb00000,0x00000000ebd79ea8,0x00000000ebd80000)
  to   space 2560K, 0% used [0x00000000ecd80000,0x00000000ecd80000,0x00000000ed000000)
 ParOldGen       total 44032K, used 5618K [0x00000000c0000000, 0x00000000c2b00000, 0x00000000eab00000)
  object space 44032K, 12% used [0x00000000c0000000,0x00000000c057cbe0,0x00000000c2b00000)
 Metaspace       used 6143K, capacity 7024K, committed 7296K, reserved 1056768K
  class space    used 596K, capacity 616K, committed 640K, reserved 1048576K
Event: 2.564 GC heap after
Heap after GC invocations=4 (full 0):
 PSYoungGen      total 35328K, used 2552K [0x00000000eab00000, 0x00000000ed000000, 0x0000000100000000)
  eden space 32768K, 0% used [0x00000000eab00000,0x00000000eab00000,0x00000000ecb00000)
  from space 2560K, 99% used [0x00000000ecd80000,0x00000000ecffe1e8,0x00000000ed000000)
  to   space 2560K, 0% used [0x00000000ecb00000,0x00000000ecb00000,0x00000000ecd80000)
 ParOldGen       total 44032K, used 8762K [0x00000000c0000000, 0x00000000c2b00000, 0x00000000eab00000)
  object space 44032K, 19% used [0x00000000c0000000,0x00000000c088e8f0,0x00000000c2b00000)
 Metaspace       used 6143K, capacity 7024K, committed 7296K, reserved 1056768K
  class space    used 596K, capacity 616K, committed 640K, reserved 1048576K
}
Event: 2.936 GC heap before
{Heap before GC invocations=5 (full 0):
 PSYoungGen      total 35328K, used 35320K [0x00000000eab00000, 0x00000000ed000000, 0x0000000100000000)
  eden space 32768K, 100% used [0x00000000eab00000,0x00000000ecb00000,0x00000000ecb00000)
  from space 2560K, 99% used [0x00000000ecd80000,0x00000000ecffe1e8,0x00000000ed000000)
  to   space 2560K, 0% used [0x00000000ecb00000,0x00000000ecb00000,0x00000000ecd80000)
 ParOldGen       total 44032K, used 8762K [0x00000000c0000000, 0x00000000c2b00000, 0x00000000eab00000)
  object space 44032K, 19% used [0x00000000c0000000,0x00000000c088e8f0,0x00000000c2b00000)
 Metaspace       used 6212K, capacity 7088K, committed 7296K, reserved 1056768K
  class space    used 596K, capacity 616K, committed 640K, reserved 1048576K
Event: 2.983 GC heap after
Heap after GC invocations=5 (full 0):
 PSYoungGen      total 35328K, used 2532K [0x00000000eab00000, 0x00000000efb00000, 0x0000000100000000)
  eden space 32768K, 0% used [0x00000000eab00000,0x00000000eab00000,0x00000000ecb00000)
  from space 2560K, 98% used [0x00000000ecb00000,0x00000000ecd793e0,0x00000000ecd80000)
  to   space 8192K, 0% used [0x00000000ef300000,0x00000000ef300000,0x00000000efb00000)
 ParOldGen       total 44032K, used 13346K [0x00000000c0000000, 0x00000000c2b00000, 0x00000000eab00000)
  object space 44032K, 30% used [0x00000000c0000000,0x00000000c0d08ad8,0x00000000c2b00000)
 Metaspace       used 6212K, capacity 7088K, committed 7296K, reserved 1056768K
  class space    used 596K, capacity 616K, committed 640K, reserved 1048576K
}
Event: 3.413 GC heap before
{Heap before GC invocations=6 (full 0):
 PSYoungGen      total 35328K, used 35300K [0x00000000eab00000, 0x00000000efb00000, 0x0000000100000000)
  eden space 32768K, 100% used [0x00000000eab00000,0x00000000ecb00000,0x00000000ecb00000)
  from space 2560K, 98% used [0x00000000ecb00000,0x00000000ecd793e0,0x00000000ecd80000)
  to   space 8192K, 0% used [0x00000000ef300000,0x00000000ef300000,0x00000000efb00000)
 ParOldGen       total 44032K, used 13346K [0x00000000c0000000, 0x00000000c2b00000, 0x00000000eab00000)
  object space 44032K, 30% used [0x00000000c0000000,0x00000000c0d08ad8,0x00000000c2b00000)
 Metaspace       used 6253K, capacity 7152K, committed 7296K, reserved 1056768K
  class space    used 596K, capacity 616K, committed 640K, reserved 1048576K
Event: 3.558 GC heap after
Heap after GC invocations=6 (full 0):
 PSYoungGen      total 72704K, used 7995K [0x00000000eab00000, 0x00000000efd00000, 0x0000000100000000)
  eden space 64512K, 0% used [0x00000000eab00000,0x00000000eab00000,0x00000000eea00000)
  from space 8192K, 97% used [0x00000000ef300000,0x00000000efacec10,0x00000000efb00000)
  to   space 9216K, 0% used [0x00000000eea00000,0x00000000eea00000,0x00000000ef300000)
 ParOldGen       total 44032K, used 13346K [0x00000000c0000000, 0x00000000c2b00000, 0x00000000eab00000)
  object space 44032K, 30% used [0x00000000c0000000,0x00000000c0d08ad8,0x00000000c2b00000)
 Metaspace       used 6253K, capacity 7152K, committed 7296K, reserved 1056768K
  class space    used 596K, capacity 616K, committed 640K, reserved 1048576K
}
Event: 5.862 GC heap before
{Heap before GC invocations=7 (full 0):
 PSYoungGen      total 72704K, used 72507K [0x00000000eab00000, 0x00000000efd00000, 0x0000000100000000)
  eden space 64512K, 100% used [0x00000000eab00000,0x00000000eea00000,0x00000000eea00000)
  from space 8192K, 97% used [0x00000000ef300000,0x00000000efacec10,0x00000000efb00000)
  to   space 9216K, 0% used [0x00000000eea00000,0x00000000eea00000,0x00000000ef300000)
 ParOldGen       total 44032K, used 13848K [0x00000000c0000000, 0x00000000c2b00000, 0x00000000eab00000)
  object space 44032K, 31% used [0x00000000c0000000,0x00000000c0d86008,0x00000000c2b00000)
 Metaspace       used 6376K, capacity 7192K, committed 7424K, reserved 1056768K
  class space    used 616K, capacity 656K, committed 768K, reserved 1048576K
Event: 6.274 GC heap after
Heap after GC invocations=7 (full 0):
 PSYoungGen      total 73728K, used 9185K [0x00000000eab00000, 0x00000000f4500000, 0x0000000100000000)
  eden space 64512K, 0% used [0x00000000eab00000,0x00000000eab00000,0x00000000eea00000)
  from space 9216K, 99% used [0x00000000eea00000,0x00000000ef2f8660,0x00000000ef300000)
  to   space 14336K, 0% used [0x00000000f3700000,0x00000000f3700000,0x00000000f4500000)
 ParOldGen       total 44032K, used 21617K [0x00000000c0000000, 0x00000000c2b00000, 0x00000000eab00000)
  object space 44032K, 49% used [0x00000000c0000000,0x00000000c151c5c0,0x00000000c2b00000)
 Metaspace       used 6376K, capacity 7192K, committed 7424K, reserved 1056768K
  class space    used 616K, capacity 656K, committed 768K, reserved 1048576K
}

Deoptimization events (10 events):
Event: 2.643 Thread 0x0000000015d72800 Uncommon trap: reason=bimorphic action=maybe_recompile pc=0x000000000226a30c method=java.util.HashMap.putVal(ILjava/lang/Object;Ljava/lang/Object;ZZ)Ljava/lang/Object; @ 203
Event: 3.000 Thread 0x0000000015d77000 Uncommon trap: reason=unstable_if action=reinterpret pc=0x000000000234c0b4 method=com.android.dx.ssa.SCCP.simulateStmt(Lcom/android/dx/ssa/SsaInsn;)V @ 53
Event: 3.047 Thread 0x0000000015d77800 Uncommon trap: reason=unstable_if action=reinterpret pc=0x000000000220c3bc method=com.android.dx.util.IntList.binarysearch(I)I @ 105
Event: 3.224 Thread 0x0000000015d77800 Uncommon trap: reason=unstable_if action=reinterpret pc=0x00000000021ff2dc method=com.android.dx.ssa.SsaMethod.updateOneDefinition(Lcom/android/dx/ssa/SsaInsn;Lcom/android/dx/rop/code/RegisterSpec;)V @ 4
Event: 4.451 Thread 0x0000000001c72800 Uncommon trap: reason=unstable_if action=reinterpret pc=0x000000000251441c method=com.android.dx.ssa.LiteralOpUpgrader$1.visitNonMoveInsn(Lcom/android/dx/ssa/NormalSsaInsn;)V @ 176
Event: 4.463 Thread 0x0000000001c72800 Uncommon trap: reason=bimorphic action=maybe_recompile pc=0x000000000252b25c method=com.android.dx.ssa.LiteralOpUpgrader.tryReplacingWithConstant(Lcom/android/dx/ssa/NormalSsaInsn;)Z @ 62
Event: 4.466 Thread 0x0000000001c72800 Uncommon trap: reason=unstable_if action=reinterpret pc=0x0000000002269e44 method=java.util.HashMap.putVal(ILjava/lang/Object;Ljava/lang/Object;ZZ)Ljava/lang/Object; @ 162
Event: 4.817 Thread 0x0000000015d72800 Uncommon trap: reason=unstable_if action=reinterpret pc=0x00000000022b70cc method=java.util.HashMap.getNode(ILjava/lang/Object;)Ljava/util/HashMap$Node; @ 84
Event: 4.817 Thread 0x0000000015d72800 Uncommon trap: reason=unstable_if action=reinterpret pc=0x0000000002449e84 method=java.util.HashMap.getNode(ILjava/lang/Object;)Ljava/util/HashMap$Node; @ 84
Event: 6.419 Thread 0x0000000015d77000 Uncommon trap: reason=bimorphic action=maybe_recompile pc=0x000000000252b25c method=com.android.dx.ssa.LiteralOpUpgrader.tryReplacingWithConstant(Lcom/android/dx/ssa/NormalSsaInsn;)Z @ 62

Internal exceptions (5 events):
Event: 0.429 Thread 0x0000000001c72800 Exception <a 'java/lang/NoSuchMethodError': Method sun.misc.Unsafe.defineClass(Ljava/lang/String;[BII)Ljava/lang/Class; name or signature does not match> (0x00000000eab12ef0) thrown at [C:\re\workspace\8-2-build-windows-amd64-cygwin\jdk8u45\3627\hotspot\sr1!öŒxÛ?
Event: 0.429 Thread 0x0000000001c72800 Exception <a 'java/lang/NoSuchMethodError': Method sun.misc.Unsafe.prefetchRead(Ljava/lang/Object;J)V name or signature does not match> (0x00000000eab13180) thrown at [C:\re\workspace\8-2-build-windows-amd64-cygwin\jdk8u45\3627\hotspot\src\share\vm\prims\jñ¸Bç@
Event: 4.476 Thread 0x0000000001c72800 Exception <a 'java/lang/ArrayIndexOutOfBoundsException': 18> (0x00000000edc330e8) thrown at [C:\re\workspace\8-2-build-windows-amd64-cygwin\jdk8u45\3627\hotspot\src\share\vm\interpreter\interpreterRuntime.cpp, line 366]
Event: 4.476 Thread 0x0000000001c72800 Exception <a 'java/lang/ArrayIndexOutOfBoundsException'> (0x00000000edc34bb8) thrown at [C:\re\workspace\8-2-build-windows-amd64-cygwin\jdk8u45\3627\hotspot\src\share\vm\runtime\sharedRuntime.cpp, line 605]
Event: 4.478 Thread 0x0000000001c72800 Exception <a 'java/lang/ArrayIndexOutOfBoundsException'> (0x00000000edc35df0) thrown at [C:\re\workspace\8-2-build-windows-amd64-cygwin\jdk8u45\3627\hotspot\src\share\vm\runtime\sharedRuntime.cpp, line 605]

Events (10 events):
Event: 6.371 Thread 0x0000000015d72800 DEOPT UNPACKING pc=0x0000000001e4787f sp=0x000000001641e598 mode 0
Event: 6.402 Thread 0x0000000015d77800 DEOPT PACKING pc=0x000000000219663d sp=0x000000001671e980
Event: 6.403 Thread 0x0000000015d77800 DEOPT UNPACKING pc=0x0000000001e4787f sp=0x000000001671e720 mode 0
Event: 6.410 Thread 0x0000000015d77800 DEOPT PACKING pc=0x00000000022bb83d sp=0x000000001671e980
Event: 6.410 Thread 0x0000000015d77800 DEOPT UNPACKING pc=0x0000000001e4787f sp=0x000000001671e6b8 mode 0
Event: 6.419 Thread 0x0000000015d77000 Uncommon trap: trap_request=0xffffffc6 fr.pc=0x000000000252b25c
Event: 6.419 Thread 0x0000000015d77000 DEOPT PACKING pc=0x000000000252b25c sp=0x000000001661e670
Event: 6.419 Thread 0x0000000015d77000 DEOPT UNPACKING pc=0x0000000001e4582a sp=0x000000001661e610 mode 2
Event: 6.421 Thread 0x0000000001c72800 DEOPT PACKING pc=0x000000000247db21 sp=0x000000000053ecf0
Event: 6.421 Thread 0x0000000001c72800 DEOPT UNPACKING pc=0x0000000001e4787f sp=0x000000000053eab0 mode 0


Dynamic libraries:
0x00007ff6d9a30000 - 0x00007ff6d9a67000 	C:\Program Files\Java\jdk1.8.0_45\bin\java.exe
0x00007ff8d60d0000 - 0x00007ff8d627d000 	C:\Windows\SYSTEM32\ntdll.dll
0x00007ff8d4270000 - 0x00007ff8d43ae000 	C:\Windows\system32\KERNEL32.DLL
0x00007ff8d32d0000 - 0x00007ff8d33e5000 	C:\Windows\system32\KERNELBASE.dll
0x00007ff8d1dd0000 - 0x00007ff8d1e5e000 	C:\Windows\system32\apphelp.dll
0x00007ff8ce7f0000 - 0x00007ff8ce843000 	C:\Windows\AppPatch\AppPatch64\AcGenral.DLL
0x00007ff8d4850000 - 0x00007ff8d48fa000 	C:\Windows\system32\msvcrt.dll
0x00007ff8d3500000 - 0x00007ff8d352e000 	C:\Windows\system32\SspiCli.dll
0x00007ff8d4940000 - 0x00007ff8d4994000 	C:\Windows\system32\SHLWAPI.dll
0x00007ff8d3980000 - 0x00007ff8d3af7000 	C:\Windows\system32\USER32.dll
0x00007ff8d4560000 - 0x00007ff8d46f4000 	C:\Windows\system32\ole32.dll
0x00007ff8d49c0000 - 0x00007ff8d5eea000 	C:\Windows\system32\SHELL32.dll
0x00007ff8d2b10000 - 0x00007ff8d2b31000 	C:\Windows\SYSTEM32\USERENV.dll
0x00007ff8d4070000 - 0x00007ff8d411a000 	C:\Windows\system32\ADVAPI32.dll
0x00007ff8bbab0000 - 0x00007ff8bbace000 	C:\Windows\SYSTEM32\MPR.dll
0x00007ff8d4710000 - 0x00007ff8d4850000 	C:\Windows\system32\RPCRT4.dll
0x00007ff8d3b00000 - 0x00007ff8d3b59000 	C:\Windows\SYSTEM32\sechost.dll
0x00007ff8d3ce0000 - 0x00007ff8d3ef1000 	C:\Windows\SYSTEM32\combase.dll
0x00007ff8d4120000 - 0x00007ff8d426f000 	C:\Windows\system32\GDI32.dll
0x00007ff8d3200000 - 0x00007ff8d3215000 	C:\Windows\SYSTEM32\profapi.dll
0x00007ff8d1780000 - 0x00007ff8d1832000 	C:\Windows\SYSTEM32\SHCORE.dll
0x00007ff8d4900000 - 0x00007ff8d4936000 	C:\Windows\system32\IMM32.DLL
0x00007ff8d3f10000 - 0x00007ff8d4062000 	C:\Windows\system32\MSCTF.dll
0x00007ff8d1150000 - 0x00007ff8d13cb000 	C:\Windows\WinSxS\amd64_microsoft.windows.common-controls_6595b64144ccf1df_6.0.9600.18006_none_623f33d3ecbe86e8\COMCTL32.dll
0x0000000071400000 - 0x00000000714d2000 	C:\Program Files\Java\jdk1.8.0_45\jre\bin\msvcr100.dll
0x0000000071880000 - 0x0000000072103000 	C:\Program Files\Java\jdk1.8.0_45\jre\bin\server\jvm.dll
0x00007ff8cd000000 - 0x00007ff8cd009000 	C:\Windows\SYSTEM32\WSOCK32.dll
0x00007ff8d05c0000 - 0x00007ff8d05e2000 	C:\Windows\SYSTEM32\WINMM.dll
0x00007ff8cdf30000 - 0x00007ff8cdf3a000 	C:\Windows\SYSTEM32\VERSION.dll
0x00007ff8d4700000 - 0x00007ff8d4707000 	C:\Windows\system32\PSAPI.DLL
0x00007ff8d3c80000 - 0x00007ff8d3cda000 	C:\Windows\system32\WS2_32.dll
0x00007ff8d0590000 - 0x00007ff8d05ba000 	C:\Windows\SYSTEM32\WINMMBASE.dll
0x00007ff8d49b0000 - 0x00007ff8d49b9000 	C:\Windows\system32\NSI.dll
0x00007ff8d3710000 - 0x00007ff8d375f000 	C:\Windows\SYSTEM32\cfgmgr32.dll
0x00007ff8d2040000 - 0x00007ff8d2068000 	C:\Windows\SYSTEM32\DEVOBJ.dll
0x0000000071870000 - 0x000000007187f000 	C:\Program Files\Java\jdk1.8.0_45\jre\bin\verify.dll
0x0000000071840000 - 0x0000000071869000 	C:\Program Files\Java\jdk1.8.0_45\jre\bin\java.dll
0x0000000071820000 - 0x0000000071836000 	C:\Program Files\Java\jdk1.8.0_45\jre\bin\zip.dll
0x00007ff899e10000 - 0x00007ff899f99000 	C:\Windows\SYSTEM32\dbghelp.dll

VM Arguments:
jvm_args: -Djava.awt.headless=true -Xmx1024M -Dfile.encoding=windows-1258 -Duser.country=US -Duser.language=en -Duser.variant 
java_command: com.android.dx.command.Main --dex --force-jumbo --num-threads=4 --multi-dex --output D:\Study\Android\Bai13-2\app\build\intermediates\transforms\dex\debug\folders\1000\10\com.android.support-appcompat-v7-24.2.0_e28cba6377599dceaebb0261ea87895ccc1fe2ce D:\Study\Android\Bai13-2\app\build\intermediates\exploded-aar\com.android.support\appcompat-v7\24.2.0\jars\classes.jar
java_class_path (initial): C:\Users\hiep\AppData\Local\Android\sdk\build-tools\24.0.2\lib\dx.jar
Launcher Type: SUN_STANDARD

Environment Variables:
PATH=C:\ProgramData\Oracle\Java\javapath;C:\xampp\imagemagick;C:\ImageMagick;C:\Program Files\ImageMagick-7.0.2-Q16;C:\Program Files\ImageMagick-6.9.5-Q8;C:\Program Files (x86)\Intel\iCLS Client\;C:\Program Files\Intel\iCLS Client\;C:\Windows\system32;C:\Windows;C:\Windows\System32\Wbem;C:\Windows\System32\WindowsPowerShell\v1.0\;C:\Program Files (x86)\ATI Technologies\ATI.ACE\Core-Static;C:\Program Files\Intel\Intel(R) Management Engine Components\DAL;C:\Program Files\Intel\Intel(R) Management Engine Components\IPT;C:\Program Files (x86)\Intel\Intel(R) Management Engine Components\DAL;C:\Program Files (x86)\Intel\Intel(R) Management Engine Components\IPT;C:\Program Files\Intel\WiFi\bin\;C:\Program Files\Common Files\Intel\WirelessCommon\;C:\Windows\system32\config\systemprofile\.dnx\bin;C:\Program Files\Microsoft DNX\Dnvm\;C:\Program Files\Microsoft SQL Server\130\Tools\Binn\;C:\Program Files (x86)\Skype\Phone\;C:\Program Files\Git\cmd;C:\Program Files\Intel\WiFi\bin\;C:\Program Files\Common Files\Intel\WirelessCommon\
USERNAME=hiep
OS=Windows_NT
PROCESSOR_IDENTIFIER=Intel64 Family 6 Model 69 Stepping 1, GenuineIntel



---------------  S Y S T E M  ---------------

OS: Windows 8.1 , 64 bit Build 9600 (6.3.9600.17415)

CPU:total 4 (2 cores per cpu, 2 threads per core) family 6 model 69 stepping 1, cmov, cx8, fxsr, mmx, sse, sse2, sse3, ssse3, sse4.1, sse4.2, popcnt, avx, avx2, aes, clmul, erms, lzcnt, ht, tsc, tscinvbit, bmi1, bmi2

Memory: 4k page, physical 4079980k(335468k free), swap 7225708k(5108k free)

vm_info: Java HotSpot(TM) 64-Bit Server VM (25.45-b02) for windows-amd64 JRE (1.8.0_45-b15), built on Apr 30 2015 12:40:44 by "java_re" with MS VC++ 10.0 (VS2010)

time: Thu Sep 22 09:03:28 2016
elapsed time: 6 seconds (0d 0h 0m 6s)

