#
# There is insufficient memory for the Java Runtime Environment to continue.
# Native memory allocation (malloc) failed to allocate 723456 bytes for Chunk::new
# Possible reasons:
#   The system is out of physical RAM or swap space
#   In 32 bit mode, the process size limit was hit
# Possible solutions:
#   Reduce memory load on the system
#   Increase physical memory or swap space
#   Check if swap backing store is full
#   Use 64 bit Java on a 64 bit OS
#   Decrease Java heap size (-Xmx/-Xms)
#   Decrease number of Java threads
#   Decrease Java thread stack sizes (-Xss)
#   Set larger code cache with -XX:ReservedCodeCacheSize=
# This output file may be truncated or incomplete.
#
#  Out of Memory Error (allocation.cpp:390), pid=4960, tid=7908
#
# JRE version: Java(TM) SE Runtime Environment (8.0_45-b15) (build 1.8.0_45-b15)
# Java VM: Java HotSpot(TM) 64-Bit Server VM (25.45-b02 mixed mode windows-amd64 compressed oops)
# Failed to write core dump. Minidumps are not enabled by default on client versions of Windows
#

---------------  T H R E A D  ---------------

Current thread (0x00000000149e9800):  JavaThread "C2 CompilerThread0" daemon [_thread_in_native, id=7908, stack(0x0000000015f30000,0x0000000016030000)]

Stack: [0x0000000015f30000,0x0000000016030000]
Native frames: (J=compiled Java code, j=interpreted, Vv=VM code, C=native code)
V  [jvm.dll+0x32b57a]


Current CompileTask:
C2:   5502 1063       4       com.android.dx.ssa.SsaBasicBlock::forEachInsn (37 bytes)


---------------  P R O C E S S  ---------------

Java Threads: ( => current thread )
  0x00000000162cb000 JavaThread "pool-2-thread-4" [_thread_blocked, id=6320, stack(0x0000000017430000,0x0000000017530000)]
  0x00000000162ca800 JavaThread "pool-2-thread-3" [_thread_blocked, id=6616, stack(0x0000000017330000,0x0000000017430000)]
  0x00000000162c9000 JavaThread "pool-2-thread-2" [_thread_blocked, id=3852, stack(0x0000000017230000,0x0000000017330000)]
  0x00000000162c7800 JavaThread "pool-3-thread-1" [_thread_blocked, id=6448, stack(0x0000000017130000,0x0000000017230000)]
  0x000000001637a000 JavaThread "pool-2-thread-1" [_thread_blocked, id=3444, stack(0x0000000017030000,0x0000000017130000)]
  0x0000000016080800 JavaThread "Service Thread" daemon [_thread_blocked, id=4392, stack(0x0000000016630000,0x0000000016730000)]
  0x000000001607a800 JavaThread "C1 CompilerThread2" daemon [_thread_blocked, id=1904, stack(0x0000000016530000,0x0000000016630000)]
  0x0000000016074800 JavaThread "C2 CompilerThread1" daemon [_thread_blocked, id=4904, stack(0x0000000016430000,0x0000000016530000)]
=>0x00000000149e9800 JavaThread "C2 CompilerThread0" daemon [_thread_in_native, id=7908, stack(0x0000000015f30000,0x0000000016030000)]
  0x00000000149e7000 JavaThread "Attach Listener" daemon [_thread_blocked, id=2828, stack(0x0000000015e30000,0x0000000015f30000)]
  0x00000000149e6800 JavaThread "Signal Dispatcher" daemon [_thread_blocked, id=5040, stack(0x0000000015d30000,0x0000000015e30000)]
  0x00000000022c6800 JavaThread "Finalizer" daemon [_thread_blocked, id=7808, stack(0x0000000015c00000,0x0000000015d00000)]
  0x00000000022be800 JavaThread "Reference Handler" daemon [_thread_blocked, id=8160, stack(0x0000000015b00000,0x0000000015c00000)]
  0x00000000021d2800 JavaThread "main" [_thread_in_vm, id=7556, stack(0x0000000002090000,0x0000000002190000)]

Other Threads:
  0x0000000014967800 VMThread [stack: 0x0000000015a00000,0x0000000015b00000] [id=6404]
  0x000000001609c000 WatcherThread [stack: 0x0000000016730000,0x0000000016830000] [id=7108]

VM state:not at safepoint (normal execution)

VM Mutex/Monitor currently owned by a thread:  ([mutex/lock_event])
[0x00000000021cc1c0] AdapterHandlerLibrary_lock - owner thread: 0x00000000021d2800

Heap:
 PSYoungGen      total 18944K, used 10510K [0x00000000eab00000, 0x00000000ed000000, 0x0000000100000000)
  eden space 16384K, 48% used [0x00000000eab00000,0x00000000eb2c5928,0x00000000ebb00000)
  from space 2560K, 99% used [0x00000000ebb00000,0x00000000ebd7e088,0x00000000ebd80000)
  to   space 2560K, 0% used [0x00000000ecd80000,0x00000000ecd80000,0x00000000ed000000)
 ParOldGen       total 44032K, used 561K [0x00000000c0000000, 0x00000000c2b00000, 0x00000000eab00000)
  object space 44032K, 1% used [0x00000000c0000000,0x00000000c008c450,0x00000000c2b00000)
 Metaspace       used 5894K, capacity 6832K, committed 7040K, reserved 1056768K
  class space    used 591K, capacity 616K, committed 640K, reserved 1048576K

Card table byte_map: [0x0000000011690000,0x00000000118a0000] byte_map_base: 0x0000000011090000

Marking Bits: (ParMarkBitMap*) 0x0000000072084040
 Begin Bits: [0x0000000011e00000, 0x0000000012e00000)
 End Bits:   [0x0000000012e00000, 0x0000000013e00000)

Polling page: 0x0000000002060000

CodeCache: size=245760Kb used=4353Kb max_used=4359Kb free=241406Kb
 bounds [0x00000000022d0000, 0x0000000002720000, 0x00000000112d0000]
 total_blobs=1373 nmethods=1104 adapters=182
 compilation: enabled

Compilation events (10 events):
Event: 5.467 Thread 0x000000001607a800 nmethod 1105 0x0000000002709850 code [0x00000000027099c0, 0x0000000002709c28]
Event: 5.467 Thread 0x000000001607a800 1106       3       com.android.dx.dex.file.IndexedItem::<init> (10 bytes)
Event: 5.467 Thread 0x000000001607a800 nmethod 1106 0x000000000270d910 code [0x000000000270da80, 0x000000000270dc90]
Event: 5.467 Thread 0x000000001607a800 1101       3       java.util.ArrayDeque::pollFirst (42 bytes)
Event: 5.467 Thread 0x000000001607a800 nmethod 1101 0x000000000270d310 code [0x000000000270d480, 0x000000000270d7b0]
Event: 5.467 Thread 0x000000001607a800 1102       3       java.util.zip.InflaterInputStream::<init> (79 bytes)
Event: 5.468 Thread 0x000000001607a800 nmethod 1102 0x000000000270c7d0 code [0x000000000270c980, 0x000000000270d058]
Event: 5.468 Thread 0x000000001607a800 1103   !   3       java.util.zip.Inflater::reset (69 bytes)
Event: 5.468 Thread 0x000000001607a800 nmethod 1103 0x0000000002711cd0 code [0x0000000002711e60, 0x00000000027122b8]
Event: 5.476 Thread 0x0000000016074800 nmethod 1099 0x0000000002713a90 code [0x0000000002713d20, 0x00000000027145d0]

GC Heap History (2 events):
Event: 4.519 GC heap before
{Heap before GC invocations=1 (full 0):
 PSYoungGen      total 18944K, used 16384K [0x00000000eab00000, 0x00000000ec000000, 0x0000000100000000)
  eden space 16384K, 100% used [0x00000000eab00000,0x00000000ebb00000,0x00000000ebb00000)
  from space 2560K, 0% used [0x00000000ebd80000,0x00000000ebd80000,0x00000000ec000000)
  to   space 2560K, 0% used [0x00000000ebb00000,0x00000000ebb00000,0x00000000ebd80000)
 ParOldGen       total 44032K, used 0K [0x00000000c0000000, 0x00000000c2b00000, 0x00000000eab00000)
  object space 44032K, 0% used [0x00000000c0000000,0x00000000c0000000,0x00000000c2b00000)
 Metaspace       used 5325K, capacity 6320K, committed 6528K, reserved 1056768K
  class space    used 580K, capacity 616K, committed 640K, reserved 1048576K
Event: 4.572 GC heap after
Heap after GC invocations=1 (full 0):
 PSYoungGen      total 18944K, used 2552K [0x00000000eab00000, 0x00000000ed000000, 0x0000000100000000)
  eden space 16384K, 0% used [0x00000000eab00000,0x00000000eab00000,0x00000000ebb00000)
  from space 2560K, 99% used [0x00000000ebb00000,0x00000000ebd7e088,0x00000000ebd80000)
  to   space 2560K, 0% used [0x00000000ecd80000,0x00000000ecd80000,0x00000000ed000000)
 ParOldGen       total 44032K, used 561K [0x00000000c0000000, 0x00000000c2b00000, 0x00000000eab00000)
  object space 44032K, 1% used [0x00000000c0000000,0x00000000c008c450,0x00000000c2b00000)
 Metaspace       used 5325K, capacity 6320K, committed 6528K, reserved 1056768K
  class space    used 580K, capacity 616K, committed 640K, reserved 1048576K
}

Deoptimization events (8 events):
Event: 3.100 Thread 0x00000000021d2800 Uncommon trap: reason=unstable_if action=reinterpret pc=0x00000000024350d4 method=java.lang.String.compareTo(Ljava/lang/String;)I @ 38
Event: 5.403 Thread 0x00000000021d2800 Uncommon trap: reason=unstable_if action=reinterpret pc=0x00000000026cdc2c method=java.util.HashMap.getNode(ILjava/lang/Object;)Ljava/util/HashMap$Node; @ 62
Event: 5.403 Thread 0x00000000021d2800 Uncommon trap: reason=unstable_if action=reinterpret pc=0x00000000026bd368 method=java.util.HashMap.getNode(ILjava/lang/Object;)Ljava/util/HashMap$Node; @ 62
Event: 5.404 Thread 0x00000000021d2800 Uncommon trap: reason=unstable_if action=reinterpret pc=0x000000000253caf0 method=java.util.BitSet.nextSetBit(I)I @ 87
Event: 5.426 Thread 0x00000000162ca800 Uncommon trap: reason=class_check action=maybe_recompile pc=0x000000000266bc90 method=com.android.dx.ssa.NormalSsaInsn.accept(Lcom/android/dx/ssa/SsaInsn$Visitor;)V @ 9
Event: 5.427 Thread 0x00000000162cb000 Uncommon trap: reason=class_check action=maybe_recompile pc=0x000000000266bc90 method=com.android.dx.ssa.NormalSsaInsn.accept(Lcom/android/dx/ssa/SsaInsn$Visitor;)V @ 9
Event: 5.432 Thread 0x000000001637a000 Uncommon trap: reason=class_check action=maybe_recompile pc=0x000000000266bc90 method=com.android.dx.ssa.NormalSsaInsn.accept(Lcom/android/dx/ssa/SsaInsn$Visitor;)V @ 9
Event: 5.437 Thread 0x00000000162ca800 Uncommon trap: reason=class_check action=maybe_recompile pc=0x000000000266bc90 method=com.android.dx.ssa.NormalSsaInsn.accept(Lcom/android/dx/ssa/SsaInsn$Visitor;)V @ 9

Internal exceptions (2 events):
Event: 0.722 Thread 0x00000000021d2800 Exception <a 'java/lang/NoSuchMethodError': Method sun.misc.Unsafe.defineClass(Ljava/lang/String;[BII)Ljava/lang/Class; name or signature does not match> (0x00000000eab12ef0) thrown at [C:\re\workspace\8-2-build-windows-amd64-cygwin\jdk8u45\3627\hotspot\srÌÁRoç?
Event: 0.722 Thread 0x00000000021d2800 Exception <a 'java/lang/NoSuchMethodError': Method sun.misc.Unsafe.prefetchRead(Ljava/lang/Object;J)V name or signature does not match> (0x00000000eab13180) thrown at [C:\re\workspace\8-2-build-windows-amd64-cygwin\jdk8u45\3627\hotspot\src\share\vm\prims\j

Events (10 events):
Event: 5.426 Thread 0x00000000162ca800 DEOPT UNPACKING pc=0x000000000231582a sp=0x000000001742e6f0 mode 2
Event: 5.427 Thread 0x00000000162cb000 Uncommon trap: trap_request=0xffffffde fr.pc=0x000000000266bc90
Event: 5.427 Thread 0x00000000162cb000 DEOPT PACKING pc=0x000000000266bc90 sp=0x000000001752eab0
Event: 5.428 Thread 0x00000000162cb000 DEOPT UNPACKING pc=0x000000000231582a sp=0x000000001752ea80 mode 2
Event: 5.432 Thread 0x000000001637a000 Uncommon trap: trap_request=0xffffffde fr.pc=0x000000000266bc90
Event: 5.432 Thread 0x000000001637a000 DEOPT PACKING pc=0x000000000266bc90 sp=0x000000001712e8c0
Event: 5.432 Thread 0x000000001637a000 DEOPT UNPACKING pc=0x000000000231582a sp=0x000000001712e890 mode 2
Event: 5.437 Thread 0x00000000162ca800 Uncommon trap: trap_request=0xffffffde fr.pc=0x000000000266bc90
Event: 5.437 Thread 0x00000000162ca800 DEOPT PACKING pc=0x000000000266bc90 sp=0x000000001742e720
Event: 5.437 Thread 0x00000000162ca800 DEOPT UNPACKING pc=0x000000000231582a sp=0x000000001742e6f0 mode 2


Dynamic libraries:
0x00007ff6d9a30000 - 0x00007ff6d9a67000 	C:\Program Files\Java\jdk1.8.0_45\bin\java.exe
0x00007ff8d60d0000 - 0x00007ff8d627d000 	C:\Windows\SYSTEM32\ntdll.dll
0x00007ff8d4270000 - 0x00007ff8d43ae000 	C:\Windows\system32\KERNEL32.DLL
0x00007ff8d32d0000 - 0x00007ff8d33e5000 	C:\Windows\system32\KERNELBASE.dll
0x00007ff8d1dd0000 - 0x00007ff8d1e5e000 	C:\Windows\system32\apphelp.dll
0x00007ff8ce7f0000 - 0x00007ff8ce843000 	C:\Windows\AppPatch\AppPatch64\AcGenral.DLL
0x00007ff8d4850000 - 0x00007ff8d48fa000 	C:\Windows\system32\msvcrt.dll
0x00007ff8d3500000 - 0x00007ff8d352e000 	C:\Windows\system32\SspiCli.dll
0x00007ff8d4940000 - 0x00007ff8d4994000 	C:\Windows\system32\SHLWAPI.dll
0x00007ff8d3980000 - 0x00007ff8d3af7000 	C:\Windows\system32\USER32.dll
0x00007ff8d4560000 - 0x00007ff8d46f4000 	C:\Windows\system32\ole32.dll
0x00007ff8d49c0000 - 0x00007ff8d5eea000 	C:\Windows\system32\SHELL32.dll
0x00007ff8d2b10000 - 0x00007ff8d2b31000 	C:\Windows\SYSTEM32\USERENV.dll
0x00007ff8d4070000 - 0x00007ff8d411a000 	C:\Windows\system32\ADVAPI32.dll
0x00007ff8bbab0000 - 0x00007ff8bbace000 	C:\Windows\SYSTEM32\MPR.dll
0x00007ff8d4710000 - 0x00007ff8d4850000 	C:\Windows\system32\RPCRT4.dll
0x00007ff8d3b00000 - 0x00007ff8d3b59000 	C:\Windows\SYSTEM32\sechost.dll
0x00007ff8d3ce0000 - 0x00007ff8d3ef1000 	C:\Windows\SYSTEM32\combase.dll
0x00007ff8d4120000 - 0x00007ff8d426f000 	C:\Windows\system32\GDI32.dll
0x00007ff8d3200000 - 0x00007ff8d3215000 	C:\Windows\SYSTEM32\profapi.dll
0x00007ff8d1780000 - 0x00007ff8d1832000 	C:\Windows\SYSTEM32\SHCORE.dll
0x00007ff8d4900000 - 0x00007ff8d4936000 	C:\Windows\system32\IMM32.DLL
0x00007ff8d3f10000 - 0x00007ff8d4062000 	C:\Windows\system32\MSCTF.dll
0x00007ff8d1150000 - 0x00007ff8d13cb000 	C:\Windows\WinSxS\amd64_microsoft.windows.common-controls_6595b64144ccf1df_6.0.9600.18006_none_623f33d3ecbe86e8\COMCTL32.dll
0x0000000071400000 - 0x00000000714d2000 	C:\Program Files\Java\jdk1.8.0_45\jre\bin\msvcr100.dll
0x0000000071880000 - 0x0000000072103000 	C:\Program Files\Java\jdk1.8.0_45\jre\bin\server\jvm.dll
0x00007ff8cd000000 - 0x00007ff8cd009000 	C:\Windows\SYSTEM32\WSOCK32.dll
0x00007ff8d05c0000 - 0x00007ff8d05e2000 	C:\Windows\SYSTEM32\WINMM.dll
0x00007ff8cdf30000 - 0x00007ff8cdf3a000 	C:\Windows\SYSTEM32\VERSION.dll
0x00007ff8d4700000 - 0x00007ff8d4707000 	C:\Windows\system32\PSAPI.DLL
0x00007ff8d3c80000 - 0x00007ff8d3cda000 	C:\Windows\system32\WS2_32.dll
0x00007ff8d0590000 - 0x00007ff8d05ba000 	C:\Windows\SYSTEM32\WINMMBASE.dll
0x00007ff8d49b0000 - 0x00007ff8d49b9000 	C:\Windows\system32\NSI.dll
0x00007ff8d3710000 - 0x00007ff8d375f000 	C:\Windows\SYSTEM32\cfgmgr32.dll
0x00007ff8d2040000 - 0x00007ff8d2068000 	C:\Windows\SYSTEM32\DEVOBJ.dll
0x0000000071870000 - 0x000000007187f000 	C:\Program Files\Java\jdk1.8.0_45\jre\bin\verify.dll
0x0000000071840000 - 0x0000000071869000 	C:\Program Files\Java\jdk1.8.0_45\jre\bin\java.dll
0x0000000071820000 - 0x0000000071836000 	C:\Program Files\Java\jdk1.8.0_45\jre\bin\zip.dll
0x00007ff899e10000 - 0x00007ff899f99000 	C:\Windows\SYSTEM32\dbghelp.dll

VM Arguments:
jvm_args: -Djava.awt.headless=true -Xmx1024M -Dfile.encoding=windows-1258 -Duser.country=US -Duser.language=en -Duser.variant 
java_command: com.android.dx.command.Main --dex --force-jumbo --num-threads=4 --multi-dex --output D:\Study\Android\Bai13-2\app\build\intermediates\transforms\dex\debug\folders\1000\10\com.android.support-support-compat-24.2.0_4ff587fefd0b0856206f0dc05a1884391025168b D:\Study\Android\Bai13-2\app\build\intermediates\exploded-aar\com.android.support\support-compat\24.2.0\jars\classes.jar
java_class_path (initial): C:\Users\hiep\AppData\Local\Android\sdk\build-tools\24.0.2\lib\dx.jar
Launcher Type: SUN_STANDARD

Environment Variables:
PATH=C:\ProgramData\Oracle\Java\javapath;C:\xampp\imagemagick;C:\ImageMagick;C:\Program Files\ImageMagick-7.0.2-Q16;C:\Program Files\ImageMagick-6.9.5-Q8;C:\Program Files (x86)\Intel\iCLS Client\;C:\Program Files\Intel\iCLS Client\;C:\Windows\system32;C:\Windows;C:\Windows\System32\Wbem;C:\Windows\System32\WindowsPowerShell\v1.0\;C:\Program Files (x86)\ATI Technologies\ATI.ACE\Core-Static;C:\Program Files\Intel\Intel(R) Management Engine Components\DAL;C:\Program Files\Intel\Intel(R) Management Engine Components\IPT;C:\Program Files (x86)\Intel\Intel(R) Management Engine Components\DAL;C:\Program Files (x86)\Intel\Intel(R) Management Engine Components\IPT;C:\Program Files\Intel\WiFi\bin\;C:\Program Files\Common Files\Intel\WirelessCommon\;C:\Windows\system32\config\systemprofile\.dnx\bin;C:\Program Files\Microsoft DNX\Dnvm\;C:\Program Files\Microsoft SQL Server\130\Tools\Binn\;C:\Program Files (x86)\Skype\Phone\;C:\Program Files\Git\cmd;C:\Program Files\Intel\WiFi\bin\;C:\Program Files\Common Files\Intel\WirelessCommon\
USERNAME=hiep
OS=Windows_NT
PROCESSOR_IDENTIFIER=Intel64 Family 6 Model 69 Stepping 1, GenuineIntel



---------------  S Y S T E M  ---------------

OS: Windows 8.1 , 64 bit Build 9600 (6.3.9600.17415)

CPU:total 4 (2 cores per cpu, 2 threads per core) family 6 model 69 stepping 1, cmov, cx8, fxsr, mmx, sse, sse2, sse3, ssse3, sse4.1, sse4.2, popcnt, avx, avx2, aes, clmul, erms, lzcnt, ht, tsc, tscinvbit, bmi1, bmi2

Memory: 4k page, physical 4079980k(334820k free), swap 7225708k(5104k free)

vm_info: Java HotSpot(TM) 64-Bit Server VM (25.45-b02) for windows-amd64 JRE (1.8.0_45-b15), built on Apr 30 2015 12:40:44 by "java_re" with MS VC++ 10.0 (VS2010)

time: Thu Sep 22 09:03:28 2016
elapsed time: 5 seconds (0d 0h 0m 5s)

